Created by PLY version 3.11 (http://www.dabeaz.com/ply)

Unused terminals:

    ARROW
    AS
    ASIGNED_TO
    ASYNC
    BIT_AND
    BIT_NOT
    BIT_OR
    BIT_XOR
    BOOLEAN
    BREAK
    CHAR
    CLOSURE_PIPE
    COLON
    COMMA
    CONJUNCTION
    CONST
    CONTINUE
    DISJUNCTION
    DIVIDE
    DIVIDE_EQUAL
    DOT
    DOUBLE_COLON
    ELSE
    ENUM
    EQUAL_TO
    FLOAT
    FN
    FOR
    GREATER_THAN
    GREATER_THAN_OR_EQUAL_TO
    IDENTIFIER
    IF
    IN
    INTEGER
    LBRACE
    LBRACKET
    LESS_THAN
    LESS_THAN_OR_EQUAL_TO
    LOOP
    LPAREN
    MAIN
    MATCH
    MINUS
    MINUS_EQUAL
    MOD
    MOD_EQUAL
    NOT
    NOT_EQUAL
    PLUS
    PLUS_EQUAL
    PRINTLN
    RANGE
    RANGE_INCLUSIVE
    RBRACE
    RBRACKET
    RETURN
    RPAREN
    SEMICOLON
    SHIFT_LEFT
    SHIFT_RIGHT
    STRING
    THEN
    TIMES
    TIMES_EQUAL
    TYPE_BOOL
    TYPE_CHAR
    TYPE_F64
    TYPE_STRING
    TYPE_TUPLE
    TYPE_U64
    WHERE
    WHILE

Grammar

Rule 0     S' -> program
Rule 1     program -> statement_list
Rule 2     statement_list -> statement_list statement
Rule 3     statement_list -> statement
Rule 4     statement -> LET opt_mut NAME opt_type ASSIGN expression SEMI
Rule 5     opt_mut -> MUT
Rule 6     opt_mut -> empty
Rule 7     opt_type -> TYPE_I32
Rule 8     opt_type -> empty
Rule 9     expression -> INT
Rule 10    expression -> NAME
Rule 11    empty -> <empty>

Terminals, with rules where they appear

ARROW                : 
AS                   : 
ASIGNED_TO           : 
ASYNC                : 
BIT_AND              : 
BIT_NOT              : 
BIT_OR               : 
BIT_XOR              : 
BOOLEAN              : 
BREAK                : 
CHAR                 : 
CLOSURE_PIPE         : 
COLON                : 
COMMA                : 
CONJUNCTION          : 
CONST                : 
CONTINUE             : 
DISJUNCTION          : 
DIVIDE               : 
DIVIDE_EQUAL         : 
DOT                  : 
DOUBLE_COLON         : 
ELSE                 : 
ENUM                 : 
EQUAL_TO             : 
FLOAT                : 
FN                   : 
FOR                  : 
GREATER_THAN         : 
GREATER_THAN_OR_EQUAL_TO : 
IDENTIFIER           : 
IF                   : 
IN                   : 
INTEGER              : 
LBRACE               : 
LBRACKET             : 
LESS_THAN            : 
LESS_THAN_OR_EQUAL_TO : 
LET                  : 4
LOOP                 : 
LPAREN               : 
MAIN                 : 
MATCH                : 
MINUS                : 
MINUS_EQUAL          : 
MOD                  : 
MOD_EQUAL            : 
MUT                  : 5
NOT                  : 
NOT_EQUAL            : 
PLUS                 : 
PLUS_EQUAL           : 
PRINTLN              : 
RANGE                : 
RANGE_INCLUSIVE      : 
RBRACE               : 
RBRACKET             : 
RETURN               : 
RPAREN               : 
SEMICOLON            : 
SHIFT_LEFT           : 
SHIFT_RIGHT          : 
STRING               : 
THEN                 : 
TIMES                : 
TIMES_EQUAL          : 
TYPE_BOOL            : 
TYPE_CHAR            : 
TYPE_F64             : 
TYPE_I32             : 7
TYPE_STRING          : 
TYPE_TUPLE           : 
TYPE_U64             : 
WHERE                : 
WHILE                : 
error                : 

Nonterminals, with rules where they appear

ASSIGN               : 4
INT                  : 9
NAME                 : 4 10
SEMI                 : 4
empty                : 6 8
expression           : 4
opt_mut              : 4
opt_type             : 4
program              : 0
statement            : 2 3
statement_list       : 1 2

